<?xml version="1.0" encoding="utf-8"?><testsuites name="pytest tests"><testsuite name="pytest" errors="0" failures="0" skipped="0" tests="6" time="2.555" timestamp="2026-07-14T21:07:35.115841+00:00" hostname="agent-env-1fffcac8-07d8-48b4-a752-e0aa0646342f"><testcase classname="tests.test_gembutcher_api.TestRoot" name="test_root_greeting" time="0.301" /><testcase classname="tests.test_gembutcher_api.TestBookings" name="test_create_booking_valid" time="0.532" /><testcase classname="tests.test_gembutcher_api.TestBookings" name="test_create_booking_invalid_email" time="0.118" /><testcase classname="tests.test_gembutcher_api.TestBookings" name="test_create_booking_missing_required" time="0.047" /><testcase classname="tests.test_gembutcher_api.TestBookings" name="test_list_bookings" time="0.054" /><testcase classname="tests.test_gembutcher_api.TestBookings" name="test_create_booking_all_styles" time="0.209" /></testsuite></testsuites>